
  .   ____          _            __ _ _
 /\\ / ___'_ __ _ _(_)_ __  __ _ \ \ \ \
( ( )\___ | '_ | '_| | '_ \/ _` | \ \ \ \
 \\/  ___)| |_)| | | | | || (_| |  ) ) ) )
  '  |____| .__|_| |_|_| |_\__, | / / / /
 =========|_|==============|___/=/_/_/_/
 :: Spring Boot ::                (v3.2.5)

2026-04-28T04:40:02.021+05:30  INFO 27320 --- [tourconnect-backend] [           main] c.t.t.TourconnectBackendApplication      : Starting TourconnectBackendApplication v1.0.0 using Java 17.0.18 with PID 27320 (C:\Users\devis\OneDrive\Documents\FSAD\sts-5.0.1.RELEASE\tourconnect-backend\target\tourconnect-backend-1.0.0.jar started by devis in C:\Users\devis\OneDrive\Documents\FSAD\sts-5.0.1.RELEASE\tourconnect-backend)
2026-04-28T04:40:02.030+05:30  INFO 27320 --- [tourconnect-backend] [           main] c.t.t.TourconnectBackendApplication      : No active profile set, falling back to 1 default profile: "default"
2026-04-28T04:40:04.827+05:30  INFO 27320 --- [tourconnect-backend] [           main] .s.d.r.c.RepositoryConfigurationDelegate : Bootstrapping Spring Data JPA repositories in DEFAULT mode.
2026-04-28T04:40:04.968+05:30  INFO 27320 --- [tourconnect-backend] [           main] .s.d.r.c.RepositoryConfigurationDelegate : Finished Spring Data repository scanning in 148 ms. Found 4 JPA repository interfaces.
2026-04-28T04:40:06.634+05:30  INFO 27320 --- [tourconnect-backend] [           main] o.s.b.w.embedded.tomcat.TomcatWebServer  : Tomcat initialized with port 8080 (http)
2026-04-28T04:40:06.651+05:30  INFO 27320 --- [tourconnect-backend] [           main] o.apache.catalina.core.StandardService   : Starting service [Tomcat]
2026-04-28T04:40:06.651+05:30  INFO 27320 --- [tourconnect-backend] [           main] o.apache.catalina.core.StandardEngine    : Starting Servlet engine: [Apache Tomcat/10.1.20]
2026-04-28T04:40:06.717+05:30  INFO 27320 --- [tourconnect-backend] [           main] o.a.c.c.C.[Tomcat].[localhost].[/]       : Initializing Spring embedded WebApplicationContext
2026-04-28T04:40:06.718+05:30  INFO 27320 --- [tourconnect-backend] [           main] w.s.c.ServletWebServerApplicationContext : Root WebApplicationContext: initialization completed in 4517 ms
2026-04-28T04:40:07.226+05:30  INFO 27320 --- [tourconnect-backend] [           main] o.hibernate.jpa.internal.util.LogHelper  : HHH000204: Processing PersistenceUnitInfo [name: default]
2026-04-28T04:40:07.542+05:30  INFO 27320 --- [tourconnect-backend] [           main] org.hibernate.Version                    : HHH000412: Hibernate ORM core version 6.4.4.Final
2026-04-28T04:40:07.718+05:30  INFO 27320 --- [tourconnect-backend] [           main] o.h.c.internal.RegionFactoryInitiator    : HHH000026: Second-level cache disabled
2026-04-28T04:40:08.436+05:30  INFO 27320 --- [tourconnect-backend] [           main] o.s.o.j.p.SpringPersistenceUnitInfo      : No LoadTimeWeaver setup: ignoring JPA class transformer
2026-04-28T04:40:08.509+05:30  INFO 27320 --- [tourconnect-backend] [           main] com.zaxxer.hikari.HikariDataSource       : HikariPool-1 - Starting...
2026-04-28T04:40:09.398+05:30  INFO 27320 --- [tourconnect-backend] [           main] com.zaxxer.hikari.pool.HikariPool        : HikariPool-1 - Added connection com.mysql.cj.jdbc.ConnectionImpl@6a6e9289
2026-04-28T04:40:09.400+05:30  INFO 27320 --- [tourconnect-backend] [           main] com.zaxxer.hikari.HikariDataSource       : HikariPool-1 - Start completed.
2026-04-28T04:40:09.792+05:30  WARN 27320 --- [tourconnect-backend] [           main] org.hibernate.orm.deprecation            : HHH90000025: MySQLDialect does not need to be specified explicitly using 'hibernate.dialect' (remove the property setting and it will be selected by default)
2026-04-28T04:40:11.075+05:30  INFO 27320 --- [tourconnect-backend] [           main] o.h.e.t.j.p.i.JtaPlatformInitiator       : HHH000489: No JTA platform available (set 'hibernate.transaction.jta.platform' to enable JTA platform integration)
Hibernate: alter table bookings add column base_trip_cost float(53)
Hibernate: alter table bookings add column created_at varchar(255)
Hibernate: alter table homestays add column approval_status varchar(255)
Hibernate: alter table homestays add column city_slug varchar(255)
Hibernate: alter table homestays add column host_email varchar(255)
Hibernate: alter table homestays add column host_name varchar(255)
Hibernate: alter table homestays add column name varchar(255)
Hibernate: alter table users add column city varchar(255)
Hibernate: alter table users add column country_code varchar(255)
Hibernate: alter table users add column phone varchar(255)
2026-04-28T04:40:11.545+05:30  INFO 27320 --- [tourconnect-backend] [           main] j.LocalContainerEntityManagerFactoryBean : Initialized JPA EntityManagerFactory for persistence unit 'default'
2026-04-28T04:40:13.295+05:30  WARN 27320 --- [tourconnect-backend] [           main] JpaBaseConfiguration$JpaWebConfiguration : spring.jpa.open-in-view is enabled by default. Therefore, database queries may be performed during view rendering. Explicitly configure spring.jpa.open-in-view to disable this warning
2026-04-28T04:40:14.342+05:30  INFO 27320 --- [tourconnect-backend] [           main] o.s.s.web.DefaultSecurityFilterChain     : Will secure any request with [org.springframework.security.web.session.DisableEncodeUrlFilter@3652dd19, org.springframework.security.web.context.request.async.WebAsyncManagerIntegrationFilter@6b6cf3c1, org.springframework.security.web.context.SecurityContextHolderFilter@25dacc5a, org.springframework.security.web.header.HeaderWriterFilter@40aaf656, org.springframework.web.filter.CorsFilter@702e21c, org.springframework.security.web.authentication.logout.LogoutFilter@2b71a12e, org.springframework.security.oauth2.client.web.OAuth2AuthorizationRequestRedirectFilter@5cb3cfef, org.springframework.security.oauth2.client.web.OAuth2LoginAuthenticationFilter@35fd03d9, org.springframework.security.web.savedrequest.RequestCacheAwareFilter@273e622f, org.springframework.security.web.servletapi.SecurityContextHolderAwareRequestFilter@380cd266, org.springframework.security.web.authentication.AnonymousAuthenticationFilter@5c450960, org.springframework.security.web.session.SessionManagementFilter@167ccc3c, org.springframework.security.web.access.ExceptionTranslationFilter@c680819, org.springframework.security.web.access.intercept.AuthorizationFilter@1db7c267]
2026-04-28T04:40:15.252+05:30  WARN 27320 --- [tourconnect-backend] [           main] ConfigServletWebServerApplicationContext : Exception encountered during context initialization - cancelling refresh attempt: org.springframework.context.ApplicationContextException: Failed to start bean 'webServerStartStop'
2026-04-28T04:40:15.256+05:30  INFO 27320 --- [tourconnect-backend] [           main] j.LocalContainerEntityManagerFactoryBean : Closing JPA EntityManagerFactory for persistence unit 'default'
2026-04-28T04:40:15.266+05:30  INFO 27320 --- [tourconnect-backend] [           main] com.zaxxer.hikari.HikariDataSource       : HikariPool-1 - Shutdown initiated...
2026-04-28T04:40:15.287+05:30  INFO 27320 --- [tourconnect-backend] [           main] com.zaxxer.hikari.HikariDataSource       : HikariPool-1 - Shutdown completed.
2026-04-28T04:40:15.306+05:30  INFO 27320 --- [tourconnect-backend] [           main] .s.b.a.l.ConditionEvaluationReportLogger : 

Error starting ApplicationContext. To display the condition evaluation report re-run your application with 'debug' enabled.
2026-04-28T04:40:15.374+05:30 ERROR 27320 --- [tourconnect-backend] [           main] o.s.b.d.LoggingFailureAnalysisReporter   : 

***************************
APPLICATION FAILED TO START
***************************

Description:

Web server failed to start. Port 8080 was already in use.

Action:

Identify and stop the process that's listening on port 8080 or configure this application to listen on another port.

